resnet_cifar_k50_b4
delta:0.001, accuracy: 0.9249, model_size: 18.45, replaced: 55.64955472946167 
delta:0.003, accuracy: 0.9265, model_size: 10.01, replaced: 77.31665968894958 
delta:0.005, accuracy: 0.9246, model_size: 8.01, replaced: 82.59904384613037 
delta:0.007, accuracy: 0.9211, model_size: 6.423, replaced: 86.76759600639343
delta:0.009, accuracy: 0.9054, model_size: 5.111, replaced: 90.18275141716003 
delta:0.011, accuracy: 0.8683, model_size: 4.168, replaced: 92.64974594116211 
delta:0.013, accuracy: 0.7547, model_size: 3.502, replaced: 94.3666398525238 
delta:0.015, accuracy: 0.6423, model_size: 3.005, replaced: 95.62421441078186 
delta:0.017, accuracy: 0.5524, model_size: 2.598, replaced: 96.66352272033691 
delta:0.019, accuracy: 0.3818, model_size: 2.257, replaced: 97.54317998886108 
delta:0.021, accuracy: 0.1596, model_size: 1.987, replaced: 98.23910593986511 
delta:0.023, accuracy: 0.1153, model_size: 1.789, replaced: 98.74356985092163 
delta:0.025, accuracy: 0.1005, model_size: 1.643, replaced: 99.10916090011597 
delta:0.027, accuracy: 0.1, model_size: 1.542, replaced: 99.36282634735107 
delta:0.029, accuracy: 0.1, model_size: 1.471, replaced: 99.53867197036743 
delta:0.031, accuracy: 0.1, model_size: 1.426, replaced: 99.65031147003174 
delta:0.033, accuracy: 0.1, model_size: 1.395, replaced: 99.72827434539795 
delta:0.035, accuracy: 0.1, model_size: 1.371, replaced: 99.78617429733276 
delta:0.037, accuracy: 0.1, model_size: 1.354, replaced: 99.82687830924988 
delta:0.039, accuracy: 0.1, model_size: 1.343, replaced: 99.85453486442566 
delta:0.041, accuracy: 0.1, model_size: 1.335, replaced: 99.87302422523499 
delta:0.043, accuracy: 0.1, model_size: 1.328, replaced: 99.88936185836792 
delta:0.045, accuracy: 0.1, model_size: 1.324, replaced: 99.90110993385315 
delta:0.047, accuracy: 0.1, model_size: 1.32, replaced: 99.91114139556885 
delta:0.049, accuracy: 0.1, model_size: 1.317, replaced: 99.91687536239624 
delta:0.052, accuracy: 0.1, model_size: 1.315, replaced: 99.92175102233887 
delta:0.054, accuracy: 0.1, model_size: 1.313, replaced: 99.92619156837463 
delta:0.056, accuracy: 0.1, model_size: 1.312, replaced: 99.93048906326294 
delta:0.058, accuracy: 0.1, model_size: 1.312, replaced: 99.93292689323425 
delta:0.06, accuracy: 0.1, model_size: 1.31, replaced: 99.93507862091064 
delta:0.062, accuracy: 0.1, model_size: 1.309, replaced: 99.93679523468018 
delta:0.064, accuracy: 0.1, model_size: 1.309, replaced: 99.93866086006165 
delta:0.066, accuracy: 0.1, model_size: 1.307, replaced: 99.94109869003296 
delta:0.068, accuracy: 0.1, model_size: 1.306, replaced: 99.94310140609741 
delta:0.07, accuracy: 0.1, model_size: 1.306, replaced: 99.9445378780365 
delta:0.072, accuracy: 0.1, model_size: 1.305, replaced: 99.94596838951111 
delta:0.074, accuracy: 0.1, model_size: 1.305, replaced: 99.94668364524841 
delta:0.076, accuracy: 0.1, model_size: 1.305, replaced: 99.94726181030273 
delta:0.078, accuracy: 0.1, model_size: 1.305, replaced: 99.94769096374512 
delta:0.08, accuracy: 0.0999, model_size: 1.305, replaced: 99.94840621948242 
delta:0.082, accuracy: 0.0999, model_size: 1.305, replaced: 99.94940757751465 
delta:0.084, accuracy: 0.1, model_size: 1.304, replaced: 99.95055794715881 
delta:0.086, accuracy: 0.1, model_size: 1.304, replaced: 99.95113015174866 
delta:0.088, accuracy: 0.1, model_size: 1.304, replaced: 99.9517023563385 
delta:0.09, accuracy: 0.1, model_size: 1.304, replaced: 99.95198845863342 
delta:0.092, accuracy: 0.1, model_size: 1.303, replaced: 99.95256066322327 
delta:0.094, accuracy: 0.1, model_size: 1.303, replaced: 99.95327591896057 
delta:0.096, accuracy: 0.1, model_size: 1.302, replaced: 99.95414018630981 
delta:0.098, accuracy: 0.1, model_size: 1.301, replaced: 99.95471239089966 
delta:0.1, accuracy: 0.1, model_size: 1.301, replaced: 99.9552845954895 
delta:1.084, accuracy: 0.1, model_size: 1.284, replaced: 100.0 

resnet_cifar_k128_b2
delta:0.001, accuracy: 0.9249, model_size: 10.196, replaced: 80.4763913154602 
delta:0.003, accuracy: 0.9233, model_size: 5.516, replaced: 93.29673647880554 
delta:0.005, accuracy: 0.9132, model_size: 4.079, replaced: 97.16447591781616 
delta:0.007, accuracy: 0.8661, model_size: 3.527, replaced: 98.6224353313446 
delta:0.009, accuracy: 0.7094, model_size: 3.273, replaced: 99.26136136054993 
delta:0.011, accuracy: 0.5036, model_size: 3.145, replaced: 99.57045316696167 
delta:0.013, accuracy: 0.3328, model_size: 3.074, replaced: 99.72870945930481 
delta:0.015, accuracy: 0.2437, model_size: 3.039, replaced: 99.81498122215271 
delta:0.017, accuracy: 0.2087, model_size: 3.016, replaced: 99.86732602119446 
delta:0.019, accuracy: 0.1711, model_size: 3.002, replaced: 99.90103840827942 
delta:0.021, accuracy: 0.159, model_size: 2.991, replaced: 99.92289543151855 
delta:0.023, accuracy: 0.1415, model_size: 2.986, replaced: 99.93755221366882 
delta:0.025, accuracy: 0.1344, model_size: 2.98, replaced: 99.94790554046631 
delta:0.027, accuracy: 0.1311, model_size: 2.975, replaced: 99.95607137680054 
delta:0.029, accuracy: 0.1422, model_size: 2.976, replaced: 99.96062517166138 
delta:0.031, accuracy: 0.1419, model_size: 2.973, replaced: 99.96452927589417 
delta:0.033, accuracy: 0.1392, model_size: 2.972, replaced: 99.96746778488159 
delta:0.035, accuracy: 0.1395, model_size: 2.971, replaced: 99.96964931488037 
delta:0.037, accuracy: 0.1393, model_size: 2.971, replaced: 99.97101426124573 
delta:0.039, accuracy: 0.1386, model_size: 2.97, replaced: 99.97240900993347 
delta:0.041, accuracy: 0.1372, model_size: 2.969, replaced: 99.9734878540039 
delta:0.043, accuracy: 0.1336, model_size: 2.969, replaced: 99.97409582138062 
delta:0.045, accuracy: 0.1347, model_size: 2.967, replaced: 99.97466802597046 
delta:0.047, accuracy: 0.1338, model_size: 2.969, replaced: 99.9754548072815 
delta:0.049, accuracy: 0.1323, model_size: 2.969, replaced: 99.97595548629761 
delta:0.052, accuracy: 0.1335, model_size: 2.968, replaced: 99.97664093971252 
delta:0.054, accuracy: 0.1314, model_size: 2.968, replaced: 99.97732043266296 
delta:0.056, accuracy: 0.1302, model_size: 2.968, replaced: 99.97782111167908 
delta:0.058, accuracy: 0.1331, model_size: 2.968, replaced: 99.97817873954773 
delta:0.06, accuracy: 0.129, model_size: 2.968, replaced: 99.9788224697113 
delta:0.062, accuracy: 0.1268, model_size: 2.967, replaced: 99.97939467430115 
delta:0.064, accuracy: 0.1399, model_size: 2.967, replaced: 99.97979402542114 
delta:0.066, accuracy: 0.1399, model_size: 2.967, replaced: 99.98011589050293 
delta:0.068, accuracy: 0.1408, model_size: 2.967, replaced: 99.98040199279785 
delta:0.07, accuracy: 0.1428, model_size: 2.967, replaced: 99.98079538345337 
delta:0.072, accuracy: 0.1392, model_size: 2.967, replaced: 99.98129606246948 
delta:0.074, accuracy: 0.1395, model_size: 2.967, replaced: 99.98190402984619 
delta:0.076, accuracy: 0.1378, model_size: 2.967, replaced: 99.98226165771484 
delta:0.078, accuracy: 0.1337, model_size: 2.965, replaced: 99.98283386230469 
delta:0.08, accuracy: 0.1355, model_size: 2.965, replaced: 99.98319745063782 
delta:0.082, accuracy: 0.1422, model_size: 2.965, replaced: 99.98355507850647 
delta:0.084, accuracy: 0.133, model_size: 2.965, replaced: 99.98384118080139 
delta:0.086, accuracy: 0.1322, model_size: 2.965, replaced: 99.98427033424377 
delta:0.088, accuracy: 0.1308, model_size: 2.965, replaced: 99.9845564365387 
delta:0.09, accuracy: 0.1292, model_size: 2.965, replaced: 99.98480677604675 
delta:0.092, accuracy: 0.1262, model_size: 2.965, replaced: 99.985271692276 
delta:0.094, accuracy: 0.1305, model_size: 2.965, replaced: 99.98562932014465 
delta:0.096, accuracy: 0.1383, model_size: 2.965, replaced: 99.98605847358704 
delta:0.098, accuracy: 0.1284, model_size: 2.965, replaced: 99.982790107727 
delta:0.1, accuracy: 0.1306, model_size: 2.965, replaced: 99.98656511306763 
delta:1.084, accuracy: 0.1015, model_size: 2.956, replaced: 100.0 

resnet_imagenet_k50_b4
delta:0.001, accuracy: 0.9333, model_size: 53.689, replaced: 1.1028469540178776 
delta:0.003, accuracy: 0.9331, model_size: 44.296, replaced: 19.190333783626556 
delta:0.005, accuracy: 0.9226, model_size: 31.139, replaced: 44.11996901035309 
delta:0.007, accuracy: 0.7096, model_size: 23.707, replaced: 58.1149160861969 
delta:0.009, accuracy: 0.4297, model_size: 19.408, replaced: 66.25672578811646 
delta:0.011, accuracy: 0.3465, model_size: 16.642, replaced: 71.53234481811523 
delta:0.013, accuracy: 0.2568, model_size: 14.857, replaced: 74.9529480934143 
delta:0.015, accuracy: 0.1709, model_size: 13.649, replaced: 77.26576328277588 
delta:0.017, accuracy: 0.1614, model_size: 12.753, replaced: 78.95306348800659 
delta:0.019, accuracy: 0.1449, model_size: 12.015, replaced: 80.35249710083008 
delta:0.021, accuracy: 0.1124, model_size: 11.364, replaced: 81.61686658859253 
delta:0.023, accuracy: 0.1116, model_size: 10.753, replaced: 82.82337188720703 
delta:0.025, accuracy: 0.1078, model_size: 10.167, replaced: 83.99301171302795 
delta:0.027, accuracy: 0.1123, model_size: 9.582, replaced: 85.16013622283936 
delta:0.029, accuracy: 0.1011, model_size: 9.025, replaced: 86.25814914703369 
delta:0.031, accuracy: 0.1001, model_size: 8.452, replaced: 87.35385537147522 
delta:0.033, accuracy: 0.1, model_size: 7.893, replaced: 88.40765953063965 
delta:0.035, accuracy: 0.1, model_size: 7.358, replaced: 89.4095778465271 
delta:0.037, accuracy: 0.1, model_size: 6.844, replaced: 90.3782069683075 
delta:0.039, accuracy: 0.1, model_size: 6.356, replaced: 91.29852056503296 
delta:0.041, accuracy: 0.1, model_size: 5.901, replaced: 92.15992093086243 
delta:0.043, accuracy: 0.1, model_size: 5.478, replaced: 92.95368194580078 
delta:0.045, accuracy: 0.1, model_size: 5.087, replaced: 93.69409680366516 
delta:0.047, accuracy: 0.1, model_size: 4.735, replaced: 94.35584545135498 
delta:0.049, accuracy: 0.1, model_size: 4.417, replaced: 94.95027661323547 
delta:0.052, accuracy: 0.1, model_size: 4.127, replaced: 95.48810124397278 
delta:0.054, accuracy: 0.1, model_size: 3.865, replaced: 95.9741473197937 
delta:0.056, accuracy: 0.1, model_size: 3.624, replaced: 96.42606377601624 
delta:0.058, accuracy: 0.1, model_size: 3.417, replaced: 96.8085527420044 
delta:0.06, accuracy: 0.1, model_size: 3.226, replaced: 97.16584086418152 
delta:0.062, accuracy: 0.1, model_size: 3.061, replaced: 97.47534394264221 
delta:0.064, accuracy: 0.1, model_size: 2.913, replaced: 97.75239825248718 
delta:0.066, accuracy: 0.1, model_size: 2.776, replaced: 98.00781011581421 
delta:0.068, accuracy: 0.1, model_size: 2.656, replaced: 98.23246002197266 
delta:0.07, accuracy: 0.1, model_size: 2.55, replaced: 98.42842817306519 
delta:0.072, accuracy: 0.1, model_size: 2.453, replaced: 98.60959649085999 
delta:0.074, accuracy: 0.1, model_size: 2.373, replaced: 98.75915050506592 
delta:0.076, accuracy: 0.1, model_size: 2.296, replaced: 98.89830350875854 
delta:0.078, accuracy: 0.1, model_size: 2.23, replaced: 99.02065396308899 
delta:0.08, accuracy: 0.1, model_size: 2.171, replaced: 99.12872314453125 
delta:0.082, accuracy: 0.1, model_size: 2.119, replaced: 99.22366738319397 
delta:0.084, accuracy: 0.1, model_size: 2.073, replaced: 99.30663108825684 
delta:0.086, accuracy: 0.1, model_size: 2.032, replaced: 99.3826687335968 
delta:0.088, accuracy: 0.1, model_size: 1.995, replaced: 99.44915175437927 
delta:0.09, accuracy: 0.1, model_size: 1.962, replaced: 99.50869679450989 
delta:0.092, accuracy: 0.1, model_size: 1.934, replaced: 99.55911040306091 
delta:0.094, accuracy: 0.1, model_size: 1.907, replaced: 99.60794448852539 
delta:0.096, accuracy: 0.1, model_size: 1.883, replaced: 99.65100288391113 
delta:0.098, accuracy: 0.1, model_size: 1.864, replaced: 99.68555569648743 
delta:0.1, accuracy: 0.1, model_size: 1.845, replaced: 99.71779584884644
delta:1.084, accuracy: 0.1, model_size: 1.686, replaced: 99.99999403953552 

resnet_imagenet_k128_b2
delta:0.001, accuracy: 0.9332, model_size: 35.588, replaced: 39.29092884063721 
delta:0.003, accuracy: 0.9316, model_size: 18.466, replaced: 73.86057376861572 
delta:0.005, accuracy: 0.9297, model_size: 14.42, replaced: 81.91854357719421 
delta:0.007, accuracy: 0.9271, model_size: 11.899, replaced: 87.0166003704071 
delta:0.009, accuracy: 0.9242, model_size: 10.111, replaced: 90.65092206001282 
delta:0.011, accuracy: 0.9212, model_size: 8.818, replaced: 93.28088164329529 
delta:0.013, accuracy: 0.9192, model_size: 7.851, replaced: 95.23336887359619 
delta:0.015, accuracy: 0.9108, model_size: 7.153, replaced: 96.60906195640564 
delta:0.017, accuracy: 0.8998, model_size: 6.661, replaced: 97.56296277046204 
delta:0.019, accuracy: 0.8889, model_size: 6.321, replaced: 98.20979833602905 
delta:0.021, accuracy: 0.8682, model_size: 6.076, replaced: 98.66108298301697 
delta:0.023, accuracy: 0.8307, model_size: 5.905, replaced: 98.97339344024658 
delta:0.025, accuracy: 0.8009, model_size: 5.781, replaced: 99.19596314430237 
delta:0.027, accuracy: 0.7432, model_size: 5.691, replaced: 99.35977458953857 
delta:0.029, accuracy: 0.6838, model_size: 5.619, replaced: 99.48517084121704 
delta:0.031, accuracy: 0.6194, model_size: 5.564, replaced: 99.58008527755737 
delta:0.033, accuracy: 0.5464, model_size: 5.521, replaced: 99.6526837348938 
delta:0.035, accuracy: 0.48, model_size: 5.488, replaced: 99.71131086349487 
delta:0.037, accuracy: 0.4152, model_size: 5.458, replaced: 99.75891709327698 
delta:0.039, accuracy: 0.3323, model_size: 5.436, replaced: 99.79538321495056 
delta:0.041, accuracy: 0.2702, model_size: 5.419, replaced: 99.82660412788391 
delta:0.043, accuracy: 0.2376, model_size: 5.403, replaced: 99.85138773918152 
delta:0.045, accuracy: 0.2114, model_size: 5.391, replaced: 99.87226128578186 
delta:0.047, accuracy: 0.185, model_size: 5.379, replaced: 99.88958835601807 
delta:0.049, accuracy: 0.1645, model_size: 5.371, replaced: 99.90397691726685 
delta:0.052, accuracy: 0.1491, model_size: 5.364, replaced: 99.91595149040222 
delta:0.054, accuracy: 0.1377, model_size: 5.359, replaced: 99.92603063583374 
delta:0.056, accuracy: 0.1291, model_size: 5.353, replaced: 99.93419647216797 
delta:0.058, accuracy: 0.1255, model_size: 5.348, replaced: 99.94123578071594 
delta:0.06, accuracy: 0.1198, model_size: 5.344, replaced: 99.94761347770691 
delta:0.062, accuracy: 0.1162, model_size: 5.341, replaced: 99.95304942131042 
delta:0.064, accuracy: 0.1125, model_size: 5.338, replaced: 99.9573290348053 
delta:0.066, accuracy: 0.1082, model_size: 5.335, replaced: 99.96155500411987 
delta:0.068, accuracy: 0.1053, model_size: 5.332, replaced: 99.96512532234192 
delta:0.07, accuracy: 0.1039, model_size: 5.332, replaced: 99.96785521507263 
delta:0.072, accuracy: 0.1032, model_size: 5.329, replaced: 99.97037649154663 
delta:0.074, accuracy: 0.1032, model_size: 5.328, replaced: 99.97245073318481 
delta:0.076, accuracy: 0.102, model_size: 5.328, replaced: 99.9743402004242 
delta:0.078, accuracy: 0.1012, model_size: 5.325, replaced: 99.97605085372925 
delta:0.08, accuracy: 0.101, model_size: 5.325, replaced: 99.9771773815155 
delta:0.082, accuracy: 0.1006, model_size: 5.324, replaced: 99.97841119766235 
delta:0.084, accuracy: 0.1003, model_size: 5.323, replaced: 99.9798059463501 
delta:0.086, accuracy: 0.1002, model_size: 5.323, replaced: 99.98085498809814 
delta:0.088, accuracy: 0.1002, model_size: 5.321, replaced: 99.9819815158844 
delta:0.09, accuracy: 0.1001, model_size: 5.32, replaced: 99.98285174369812 
delta:0.092, accuracy: 0.1, model_size: 5.32, replaced: 99.98382329940796 
delta:0.094, accuracy: 0.1, model_size: 5.32, replaced: 99.98442530632019 
delta:0.096, accuracy: 0.1, model_size: 5.318, replaced: 99.98526573181152 
delta:0.098, accuracy: 0.1, model_size: 5.319, replaced: 99.98579025268555 
delta:0.1, accuracy: 0.1, model_size: 5.319, replaced: 99.98634457588196 
delta:1.084, accuracy: 0.1, model_size: 5.31, replaced: 99.99994039535522 

vgg_cifar_k50_b4
delta:0.001, accuracy: 0.6976, model_size: 41.406, replaced: 0.0 
delta:0.003, accuracy: 0.6976, model_size: 41.402, replaced: 0.00890493902261369 
delta:0.005, accuracy: 0.6976, model_size: 41.402, replaced: 0.00890493902261369 
delta:0.007, accuracy: 0.6976, model_size: 41.402, replaced: 0.010000931797549129 
delta:0.009, accuracy: 0.69764, model_size: 41.402, replaced: 0.018357874068897218 
delta:0.011, accuracy: 0.69752, model_size: 41.394, replaced: 0.05603261524811387 
delta:0.013, accuracy: 0.69764, model_size: 41.357, replaced: 0.16357688000425696 
delta:0.015, accuracy: 0.69742, model_size: 41.264, replaced: 0.43264306150376797 
delta:0.017, accuracy: 0.69746, model_size: 41.08, replaced: 0.9274836629629135 
delta:0.019, accuracy: 0.69688, model_size: 40.758, replaced: 1.7601639032363892 
delta:0.021, accuracy: 0.69658, model_size: 40.277, replaced: 3.0194593593478203 
delta:0.023, accuracy: 0.69572, model_size: 39.598, replaced: 4.814010113477707 
delta:0.025, accuracy: 0.69554, model_size: 38.728, replaced: 7.09764733910566 
delta:0.027, accuracy: 0.6946, model_size: 37.748, replaced: 9.69008058309555 
delta:0.029, accuracy: 0.69268, model_size: 36.714, replaced: 12.476778775453568 
delta:0.031, accuracy: 0.69038, model_size: 35.609, replaced: 15.379789471626282 
delta:0.033, accuracy: 0.68886, model_size: 34.438, replaced: 18.362121284008026 
delta:0.035, accuracy: 0.68564, model_size: 33.169, replaced: 21.543650329113007 
delta:0.037, accuracy: 0.68232, model_size: 31.77, replaced: 25.045210123062134 
delta:0.039, accuracy: 0.67714, model_size: 30.249, replaced: 28.83528769016266 
delta:0.041, accuracy: 0.67068, model_size: 28.631, replaced: 32.883062958717346 
delta:0.043, accuracy: 0.66652, model_size: 26.96, replaced: 37.072357535362244 
delta:0.045, accuracy: 0.65928, model_size: 25.287, replaced: 41.27315878868103 
delta:0.047, accuracy: 0.64464, model_size: 23.63, replaced: 45.450398325920105 
delta:0.049, accuracy: 0.63362, model_size: 22.019, replaced: 49.52927231788635 
delta:0.052, accuracy: 0.6183, model_size: 20.468, replaced: 53.45224142074585 
delta:0.054, accuracy: 0.59848, model_size: 19.0, replaced: 57.162171602249146 
delta:0.056, accuracy: 0.57638, model_size: 17.62, replaced: 60.634005069732666 
delta:0.058, accuracy: 0.5455, model_size: 16.333, replaced: 63.83005380630493 
delta:0.06, accuracy: 0.52234, model_size: 15.154, replaced: 66.7445719242096
delta:0.062, accuracy: 0.49492, model_size: 14.081, replaced: 69.38701272010803 
delta:0.064, accuracy: 0.45512, model_size: 13.121, replaced: 71.74873948097229 
delta:0.066, accuracy: 0.41184, model_size: 12.245, replaced: 73.8892138004303 
delta:0.068, accuracy: 0.36744, model_size: 11.452, replaced: 75.82131028175354 
delta:0.07, accuracy: 0.3304, model_size: 10.746, replaced: 77.54352688789368 
delta:0.072, accuracy: 0.30304, model_size: 10.118, replaced: 79.07435297966003 
delta:0.074, accuracy: 0.2768, model_size: 9.556, replaced: 80.43763041496277 
delta:0.076, accuracy: 0.2452, model_size: 9.054, replaced: 81.65459036827087 
delta:0.078, accuracy: 0.2082, model_size: 8.602, replaced: 82.74126648902893 
delta:0.08, accuracy: 0.18324, model_size: 8.185, replaced: 83.74396562576294 
delta:0.082, accuracy: 0.15514, model_size: 7.815, replaced: 84.63692665100098 
delta:0.084, accuracy: 0.1287, model_size: 7.485, replaced: 85.43193340301514 
delta:0.086, accuracy: 0.10186, model_size: 7.183, replaced: 86.16062998771667 
delta:0.088, accuracy: 0.08336, model_size: 6.907, replaced: 86.82466149330139 
delta:0.09, accuracy: 0.07386, model_size: 6.66, replaced: 87.42252588272095 
delta:0.092, accuracy: 0.06022, model_size: 6.437, replaced: 87.96120882034302 
delta:0.094, accuracy: 0.0496, model_size: 6.231, replaced: 88.46796751022339 
delta:0.096, accuracy: 0.03804, model_size: 6.043, replaced: 88.92225623130798 
delta:0.098, accuracy: 0.03196, model_size: 5.874, replaced: 89.3376350402832 
delta:0.1, accuracy: 0.02516, model_size: 5.72, replaced: 89.71548080444336 
delta:1.084, accuracy: 0.00102, model_size: 1.535, replaced: 99.99616146087646 

vgg_cifar_k128_b2
delta:0.001, accuracy: 0.69756, model_size: 41.406, replaced: 0.010788676445372403 
delta:0.003, accuracy: 0.6978, model_size: 41.198, replaced: 0.9320045821368694 
delta:0.005, accuracy: 0.69758, model_size: 39.528, replaced: 6.147627532482147 
delta:0.007, accuracy: 0.69692, model_size: 35.073, replaced: 18.633516132831573 
delta:0.009, accuracy: 0.69382, model_size: 28.918, replaced: 35.566702485084534 
delta:0.011, accuracy: 0.68996, model_size: 23.24, replaced: 51.04571580886841 
delta:0.013, accuracy: 0.6841, model_size: 18.909, replaced: 62.910377979278564 
delta:0.015, accuracy: 0.67664, model_size: 15.669, replaced: 71.50998115539551 
delta:0.017, accuracy: 0.66762, model_size: 13.255, replaced: 77.76652574539185 
delta:0.019, accuracy: 0.66066, model_size: 11.51, replaced: 82.20457434654236 
delta:0.021, accuracy: 0.65146, model_size: 10.261, replaced: 85.33284664154053 
delta:0.023, accuracy: 0.6404, model_size: 9.34, replaced: 87.58024573326111 
delta:0.025, accuracy: 0.62684, model_size: 8.655, replaced: 89.27043676376343 
delta:0.027, accuracy: 0.61042, model_size: 8.124, replaced: 90.57802557945251 
delta:0.029, accuracy: 0.59206, model_size: 7.683, replaced: 91.65288805961609 
delta:0.031, accuracy: 0.57362, model_size: 7.325, replaced: 92.52779483795166 
delta:0.033, accuracy: 0.55218, model_size: 7.021, replaced: 93.26947331428528 
delta:0.035, accuracy: 0.52036, model_size: 6.755, replaced: 93.9218282699585 
delta:0.037, accuracy: 0.51138, model_size: 6.523, replaced: 94.4914042949676 
delta:0.039, accuracy: 0.49864, model_size: 6.32, replaced: 94.99460458755493 
delta:0.041, accuracy: 0.46564, model_size: 6.143, replaced: 95.4384446144104 
delta:0.043, accuracy: 0.40654, model_size: 5.987, replaced: 95.83262801170349 
delta:0.045, accuracy: 0.35988, model_size: 5.846, replaced: 96.18094563484192 
delta:0.047, accuracy: 0.33986, model_size: 5.721, replaced: 96.49378061294556 
delta:0.049, accuracy: 0.30018, model_size: 5.612, replaced: 96.76867127418518 
delta:0.052, accuracy: 0.27378, model_size: 5.514, replaced: 97.01873064041138 
delta:0.054, accuracy: 0.25992, model_size: 5.424, replaced: 97.24600911140442 
delta:0.056, accuracy: 0.23966, model_size: 5.346, replaced: 97.44976162910461 
delta:0.058, accuracy: 0.21972, model_size: 5.272, replaced: 97.64152765274048 
delta:0.06, accuracy: 0.21018, model_size: 5.202, replaced: 97.81619906425476 
delta:0.062, accuracy: 0.1827, model_size: 5.137, replaced: 97.97738194465637 
delta:0.064, accuracy: 0.15714, model_size: 5.079, replaced: 98.12270402908325 
delta:0.066, accuracy: 0.1326, model_size: 5.024, replaced: 98.25696349143982 
delta:0.068, accuracy: 0.13492, model_size: 4.975, replaced: 98.37899208068848 
delta:0.07, accuracy: 0.1136, model_size: 4.931, replaced: 98.4891414642334 
delta:0.072, accuracy: 0.09932, model_size: 4.887, replaced: 98.59466552734375 
delta:0.074, accuracy: 0.08716, model_size: 4.85, replaced: 98.69039058685303 
delta:0.076, accuracy: 0.0789, model_size: 4.813, replaced: 98.77803921699524 
delta:0.078, accuracy: 0.07796, model_size: 4.782, replaced: 98.8557517528534 
delta:0.08, accuracy: 0.06408, model_size: 4.749, replaced: 98.93154501914978 
delta:0.082, accuracy: 0.06062, model_size: 4.723, replaced: 99.00007843971252 
delta:0.084, accuracy: 0.05264, model_size: 4.696, replaced: 99.0618646144867 
delta:0.086, accuracy: 0.0517, model_size: 4.67, replaced: 99.12272691726685 
delta:0.088, accuracy: 0.05186, model_size: 4.648, replaced: 99.17680621147156 
delta:0.09, accuracy: 0.0504, model_size: 4.625, replaced: 99.229896068573 
delta:0.092, accuracy: 0.04688, model_size: 4.605, replaced: 99.27770495414734 
delta:0.094, accuracy: 0.0502, model_size: 4.588, replaced: 99.32096600532532 
delta:0.096, accuracy: 0.04592, model_size: 4.569, replaced: 99.36254620552063 
delta:0.098, accuracy: 0.03618, model_size: 4.556, replaced: 99.3992567062378 
delta:0.1, accuracy: 0.0345, model_size: 4.54, replaced: 99.43422675132751 
delta:1.084, accuracy: 0.001, model_size: 4.278, replaced: 99.99996423721313 

vgg_imagenet_k50_b4
delta:0.001, accuracy: 0.71586, model_size: 489.406, replaced: 0.0 
delta:0.003, accuracy: 0.71586, model_size: 489.406, replaced: 0.0 
delta:0.005, accuracy: 0.7158, model_size: 489.404, replaced: 0.007627667218912393 
delta:0.007, accuracy: 0.71582, model_size: 488.569, replaced: 0.43379971757531166 
delta:0.009, accuracy: 0.71616, model_size: 472.107, replaced: 4.394298791885376 
delta:0.011, accuracy: 0.71626, model_size: 417.206, replaced: 16.572166979312897 
delta:0.013, accuracy: 0.71538, model_size: 331.433, replaced: 35.299888253211975 
delta:0.015, accuracy: 0.71492, model_size: 250.096, replaced: 52.97836661338806 
delta:0.017, accuracy: 0.71512, model_size: 193.576, replaced: 64.87196087837219 
delta:0.019, accuracy: 0.71404, model_size: 162.859, replaced: 71.31766080856323 
delta:0.021, accuracy: 0.71324, model_size: 147.886, replaced: 74.51620101928711 
delta:0.023, accuracy: 0.7121, model_size: 140.182, replaced: 76.23819708824158 
delta:0.025, accuracy: 0.71228, model_size: 134.755, replaced: 77.46323943138123 
delta:0.027, accuracy: 0.71074, model_size: 129.137, replaced: 78.67087721824646 
delta:0.029, accuracy: 0.71022, model_size: 122.553, replaced: 80.08331656455994 
delta:0.031, accuracy: 0.70824, model_size: 114.944, replaced: 81.7380428314209 
delta:0.033, accuracy: 0.70538, model_size: 106.499, replaced: 83.58697891235352 
delta:0.035, accuracy: 0.70014, model_size: 97.713, replaced: 85.51855087280273 
delta:0.037, accuracy: 0.69568, model_size: 89.142, replaced: 87.41141557693481 
delta:0.039, accuracy: 0.68406, model_size: 80.965, replaced: 89.16792869567871 
delta:0.041, accuracy: 0.66522, model_size: 73.74, replaced: 90.70950150489807 
delta:0.043, accuracy: 0.6324, model_size: 67.611, replaced: 92.01374053955078 
delta:0.045, accuracy: 0.56004, model_size: 62.463, replaced: 93.10712814331055 
delta:0.047, accuracy: 0.42728, model_size: 58.28, replaced: 93.99352073669434 
delta:0.049, accuracy: 0.27158, model_size: 54.836, replaced: 94.72399353981018 
delta:0.052, accuracy: 0.14764, model_size: 51.944, replaced: 95.33444046974182 
delta:0.054, accuracy: 0.08952, model_size: 49.507, replaced: 95.8463191986084 
delta:0.056, accuracy: 0.06008, model_size: 47.401, replaced: 96.28496766090393 
delta:0.058, accuracy: 0.04376, model_size: 45.558, replaced: 96.67077660560608 
delta:0.06, accuracy: 0.03324, model_size: 43.951, replaced: 97.00911045074463 
delta:0.062, accuracy: 0.02856, model_size: 42.526, replaced: 97.30958938598633 
delta:0.064, accuracy: 0.02198, model_size: 41.261, replaced: 97.57596254348755 
delta:0.066, accuracy: 0.01504, model_size: 40.133, replaced: 97.81343340873718 
delta:0.068, accuracy: 0.00946, model_size: 39.142, replaced: 98.021799325943 
delta:0.07, accuracy: 0.00516, model_size: 38.238, replaced: 98.21157455444336 
delta:0.072, accuracy: 0.00294, model_size: 37.442, replaced: 98.37833642959595 
delta:0.074, accuracy: 0.00166, model_size: 36.724, replaced: 98.52819442749023 
delta:0.076, accuracy: 0.00116, model_size: 36.088, replaced: 98.6613929271698 
delta:0.078, accuracy: 0.001, model_size: 35.517, replaced: 98.78072738647461 
delta:0.08, accuracy: 0.001, model_size: 35.012, replaced: 98.88613224029541 
delta:0.082, accuracy: 0.001, model_size: 34.553, replaced: 98.98139834403992 
delta:0.084, accuracy: 0.001, model_size: 34.145, replaced: 99.06612634658813 
delta:0.086, accuracy: 0.001, model_size: 33.778, replaced: 99.14191365242004 
delta:0.088, accuracy: 0.001, model_size: 33.441, replaced: 99.21129941940308 
delta:0.09, accuracy: 0.001, model_size: 33.142, replaced: 99.27278757095337 
delta:0.092, accuracy: 0.001, model_size: 32.876, replaced: 99.3274450302124 
delta:0.094, accuracy: 0.001, model_size: 32.626, replaced: 99.37852621078491 
delta:0.096, accuracy: 0.001, model_size: 32.4, replaced: 99.42456483840942 
delta:0.098, accuracy: 0.001, model_size: 32.198, replaced: 99.46556091308594 
delta:0.1, accuracy: 0.001, model_size: 32.01, replaced: 99.50370192527771 
delta:1.084, accuracy: 0.001, model_size: 29.546, replaced: 99.99958276748657 

vgg_imagenet_k128_b2
delta:0.001, accuracy: 0.71582, model_size: 488.955, replaced: 0.4324470181018114 
delta:0.003, accuracy: 0.7159, model_size: 371.357, replaced: 29.949524998664856 
delta:0.005, accuracy: 0.71514, model_size: 194.406, replaced: 70.86551785469055 
delta:0.007, accuracy: 0.71518, model_size: 139.205, replaced: 82.82536268234253 
delta:0.009, accuracy: 0.71354, model_size: 111.752, replaced: 89.07298445701599 
delta:0.011, accuracy: 0.71246, model_size: 94.626, replaced: 93.0099368095398 
delta:0.013, accuracy: 0.71016, model_size: 84.425, replaced: 95.30929327011108 
delta:0.015, accuracy: 0.7053, model_size: 78.11, replaced: 96.67193293571472 
delta:0.017, accuracy: 0.69976, model_size: 74.062, replaced: 97.53458499908447 
delta:0.019, accuracy: 0.69416, model_size: 71.266, replaced: 98.12183976173401 
delta:0.021, accuracy: 0.6881, model_size: 69.28, replaced: 98.53638410568237 
delta:0.023, accuracy: 0.67914, model_size: 67.818, replaced: 98.83750677108765 
delta:0.025, accuracy: 0.6683, model_size: 66.723, replaced: 99.06035661697388 
delta:0.027, accuracy: 0.65698, model_size: 65.903, replaced: 99.22674894332886 
delta:0.029, accuracy: 0.6471, model_size: 65.252, replaced: 99.35774207115173 
delta:0.031, accuracy: 0.62992, model_size: 64.736, replaced: 99.46020245552063 
delta:0.033, accuracy: 0.61104, model_size: 64.318, replaced: 99.54214692115784 
delta:0.035, accuracy: 0.59376, model_size: 63.981, replaced: 99.6075689792633 
delta:0.037, accuracy: 0.5725, model_size: 63.702, replaced: 99.6614158153534 
delta:0.039, accuracy: 0.55168, model_size: 63.467, replaced: 99.70628619194031 
delta:0.041, accuracy: 0.52578, model_size: 63.272, replaced: 99.74361658096313 
delta:0.043, accuracy: 0.5055, model_size: 63.109, replaced: 99.77438449859619 
delta:0.045, accuracy: 0.47414, model_size: 62.976, replaced: 99.80033040046692 
delta:0.047, accuracy: 0.4436, model_size: 62.863, replaced: 99.82191920280457 
delta:0.049, accuracy: 0.41682, model_size: 62.765, replaced: 99.84036684036255 
delta:0.052, accuracy: 0.39184, model_size: 62.681, replaced: 99.85625743865967 
delta:0.054, accuracy: 0.36628, model_size: 62.609, replaced: 99.8699963092804 
delta:0.056, accuracy: 0.3371, model_size: 62.549, replaced: 99.88206028938293 
delta:0.058, accuracy: 0.31142, model_size: 62.489, replaced: 99.892687797546 
delta:0.06, accuracy: 0.28354, model_size: 62.439, replaced: 99.90211725234985 
delta:0.062, accuracy: 0.2605, model_size: 62.397, replaced: 99.91044998168945 
delta:0.064, accuracy: 0.24326, model_size: 62.355, replaced: 99.91779923439026 
delta:0.066, accuracy: 0.22164, model_size: 62.322, replaced: 99.92421269416809 
delta:0.068, accuracy: 0.2036, model_size: 62.291, replaced: 99.92992281913757 
delta:0.07, accuracy: 0.18656, model_size: 62.261, replaced: 99.93518590927124 
delta:0.072, accuracy: 0.16154, model_size: 62.237, replaced: 99.9397873878479 
delta:0.074, accuracy: 0.14504, model_size: 62.215, replaced: 99.94395971298218 
delta:0.076, accuracy: 0.13226, model_size: 62.193, replaced: 99.94783401489258 
delta:0.078, accuracy: 0.12196, model_size: 62.174, replaced: 99.95139837265015 
delta:0.08, accuracy: 0.10992, model_size: 62.157, replaced: 99.95453953742981 
delta:0.082, accuracy: 0.09124, model_size: 62.142, replaced: 99.95749592781067 
delta:0.084, accuracy: 0.079, model_size: 62.127, replaced: 99.96012449264526 
delta:0.086, accuracy: 0.0696, model_size: 62.113, replaced: 99.96259808540344 
delta:0.088, accuracy: 0.06368, model_size: 62.1, replaced: 99.96492266654968 
delta:0.09, accuracy: 0.05696, model_size: 62.088, replaced: 99.96700286865234 
delta:0.092, accuracy: 0.0536, model_size: 62.079, replaced: 99.96885657310486 
delta:0.094, accuracy: 0.04688, model_size: 62.069, replaced: 99.97069239616394 
delta:0.096, accuracy: 0.04158, model_size: 62.061, replaced: 99.97227787971497 
delta:0.098, accuracy: 0.03742, model_size: 62.053, replaced: 99.97379183769226 
delta:0.1, accuracy: 0.03624, model_size: 62.045, replaced: 99.97522234916687 
delta:1.084, accuracy: 0.00108, model_size: 61.904, replaced: 99.99995231628418 